<?xml version="1.0" encoding="UTF-8"?>
<!-- Generated by org.testng.reporters.JUnitXMLReporter -->
<testsuite hostname="LAPTOP-N7NUNHL1" ignored="0" name="Default test" tests="3" failures="0" timestamp="2020-06-19T22:37:09 IST" time="190.416" errors="0">
  <testcase name="Testcase1" time="69.362" classname="Testcase1.testcase"/>
  <testcase name="Testcase2" time="47.4" classname="Testcase1.testcase"/>
  <testcase name="Testcase3" time="29.348" classname="Testcase1.testcase"/>
</testsuite> <!-- Default test -->
