<?xml version="1.0" encoding="UTF-8"?>
<!-- Generated by org.testng.reporters.JUnitXMLReporter -->
<testsuite hostname="LAPTOP-N7NUNHL1" ignored="0" name="Test" tests="3" failures="0" timestamp="2020-06-21T11:28:58 IST" time="215.059" errors="0">
  <testcase name="Testcase1" time="77.14" classname="Testcase1.testcase"/>
  <testcase name="Testcase2" time="45.143" classname="Testcase1.testcase"/>
  <testcase name="Testcase3" time="37.109" classname="Testcase1.testcase"/>
</testsuite> <!-- Test -->
