<?xml version="1.0" encoding="UTF-8"?>
<!-- Generated by org.testng.reporters.JUnitXMLReporter -->
<testsuite hostname="LAPTOP-N7NUNHL1" ignored="0" name="Test" tests="3" failures="0" timestamp="2020-06-22T12:47:23 IST" time="132.838" errors="0">
  <testcase name="Testcase1" time="43.744" classname="Testcase1.testcase"/>
  <testcase name="Testcase2" time="38.81" classname="Testcase1.testcase"/>
  <testcase name="Testcase3" time="24.843" classname="Testcase1.testcase"/>
</testsuite> <!-- Test -->
