<?xml version="1.0" encoding="UTF-8"?>
<testng-results skipped="0" failed="0" ignored="0" total="3" passed="3">
  <reporter-output>
  </reporter-output>
  <suite name="Suite" duration-ms="192241" started-at="2020-06-19T23:11:33 IST" finished-at="2020-06-19T23:14:45 IST">
    <groups>
    </groups>
    <test name="Test" duration-ms="192241" started-at="2020-06-19T23:11:33 IST" finished-at="2020-06-19T23:14:45 IST">
      <class name="Testcase1.testcase">
        <test-method status="PASS" signature="launchBrowserUrl()[pri:0, instance:Testcase1.testcase@53f65459]" name="launchBrowserUrl" is-config="true" duration-ms="45123" started-at="2020-06-19T23:11:33 IST" finished-at="2020-06-19T23:12:18 IST">
          <reporter-output>
          </reporter-output>
        </test-method> <!-- launchBrowserUrl -->
        <test-method status="PASS" signature="Testcase1()[pri:0, instance:Testcase1.testcase@53f65459]" name="Testcase1" duration-ms="55850" started-at="2020-06-19T23:12:18 IST" finished-at="2020-06-19T23:13:14 IST">
          <reporter-output>
          </reporter-output>
        </test-method> <!-- Testcase1 -->
        <test-method status="PASS" signature="Testcase2()[pri:0, instance:Testcase1.testcase@53f65459]" name="Testcase2" duration-ms="53672" started-at="2020-06-19T23:13:14 IST" finished-at="2020-06-19T23:14:08 IST">
          <reporter-output>
          </reporter-output>
        </test-method> <!-- Testcase2 -->
        <test-method status="PASS" signature="Testcase3()[pri:0, instance:Testcase1.testcase@53f65459]" name="Testcase3" duration-ms="33037" started-at="2020-06-19T23:14:08 IST" finished-at="2020-06-19T23:14:41 IST">
          <reporter-output>
          </reporter-output>
        </test-method> <!-- Testcase3 -->
        <test-method status="PASS" signature="quitBrowser()[pri:0, instance:Testcase1.testcase@53f65459]" name="quitBrowser" is-config="true" duration-ms="4444" started-at="2020-06-19T23:14:41 IST" finished-at="2020-06-19T23:14:45 IST">
          <reporter-output>
          </reporter-output>
        </test-method> <!-- quitBrowser -->
      </class> <!-- Testcase1.testcase -->
    </test> <!-- Test -->
  </suite> <!-- Suite -->
</testng-results>
